\BOOKMARK [1][-]{section.1}{\376\377\000E\000i\000n\000l\000e\000i\000t\000u\000n\000g}{}% 1
\BOOKMARK [1][-]{section.2}{\376\377\000P\000r\000o\000j\000e\000k\000t\000i\000d\000e\000e}{}% 2
\BOOKMARK [1][-]{section.3}{\376\377\000T\000e\000c\000h\000n\000o\000l\000o\000g\000i\000e\000n}{}% 3
\BOOKMARK [2][-]{subsection.3.1}{\376\377\000G\000r\000u\000n\000d\000t\000e\000c\000h\000n\000o\000l\000o\000g\000i\000e\000n}{section.3}% 4
\BOOKMARK [2][-]{subsection.3.2}{\376\377\000V\000e\000r\000w\000e\000n\000d\000e\000t\000e\000\040\000L\000i\000b\000r\000a\000r\000i\000e\000s}{section.3}% 5
\BOOKMARK [1][-]{section.4}{\376\377\000R\000E\000S\000T\000\040\000A\000P\000I\000\040\000I\000n\000t\000e\000g\000r\000a\000t\000i\000o\000n}{}% 6
\BOOKMARK [2][-]{subsection.4.1}{\376\377\000M\000o\000t\000i\000v\000a\000t\000i\000o\000n}{section.4}% 7
\BOOKMARK [2][-]{subsection.4.2}{\376\377\000G\000r\000u\000n\000d\000l\000a\000g\000e\000n}{section.4}% 8
\BOOKMARK [2][-]{subsection.4.3}{\376\377\000A\000r\000c\000h\000i\000t\000e\000k\000t\000u\000r}{section.4}% 9
\BOOKMARK [2][-]{subsection.4.4}{\376\377\000A\000P\000I\000\040\000E\000n\000d\000p\000u\000n\000k\000t\000e}{section.4}% 10
\BOOKMARK [2][-]{subsection.4.5}{\376\377\000J\000S\000O\000N\000\040\000B\000e\000i\000s\000p\000i\000e\000l}{section.4}% 11
\BOOKMARK [2][-]{subsection.4.6}{\376\377\000F\000l\000u\000t\000t\000e\000r\000\040\000I\000n\000t\000e\000g\000r\000a\000t\000i\000o\000n}{section.4}% 12
\BOOKMARK [2][-]{subsection.4.7}{\376\377\000O\000f\000f\000l\000i\000n\000e\000-\000F\000i\000r\000s\000t\000\040\000A\000n\000s\000a\000t\000z}{section.4}% 13
\BOOKMARK [2][-]{subsection.4.8}{\376\377\000S\000y\000n\000c\000h\000r\000o\000n\000i\000s\000a\000t\000i\000o\000n}{section.4}% 14
\BOOKMARK [2][-]{subsection.4.9}{\376\377\000S\000i\000c\000h\000e\000r\000h\000e\000i\000t}{section.4}% 15
\BOOKMARK [1][-]{section.5}{\376\377\000D\000a\000t\000e\000n\000b\000a\000n\000k\000d\000e\000s\000i\000g\000n}{}% 16
\BOOKMARK [2][-]{subsection.5.1}{\376\377\000d\000e\000v\000i\000c\000e\000s}{section.5}% 17
\BOOKMARK [2][-]{subsection.5.2}{\376\377\000k\000e\000x\000t\000s}{section.5}% 18
\BOOKMARK [2][-]{subsection.5.3}{\376\377\000d\000e\000v\000i\000c\000e\000\137\000k\000e\000x\000t\000s}{section.5}% 19
\BOOKMARK [2][-]{subsection.5.4}{\376\377\000i\000s\000s\000u\000e\000s}{section.5}% 20
\BOOKMARK [2][-]{subsection.5.5}{\376\377\000c\000o\000n\000f\000i\000g\000s}{section.5}% 21
\BOOKMARK [1][-]{section.6}{\376\377\000A\000p\000p\000-\000S\000t\000r\000u\000k\000t\000u\000r}{}% 22
\BOOKMARK [2][-]{subsection.6.1}{\376\377\000H\000o\000m\000e\000\040\000S\000c\000r\000e\000e\000n}{section.6}% 23
\BOOKMARK [2][-]{subsection.6.2}{\376\377\000D\000e\000t\000a\000i\000l\000\040\000S\000c\000r\000e\000e\000n}{section.6}% 24
\BOOKMARK [2][-]{subsection.6.3}{\376\377\000V\000i\000s\000u\000a\000l\000\040\000S\000c\000r\000e\000e\000n}{section.6}% 25
\BOOKMARK [2][-]{subsection.6.4}{\376\377\000V\000e\000r\000g\000l\000e\000i\000c\000h\000s\000a\000n\000s\000i\000c\000h\000t}{section.6}% 26
\BOOKMARK [2][-]{subsection.6.5}{\376\377\000E\000x\000p\000o\000r\000t}{section.6}% 27
\BOOKMARK [1][-]{section.7}{\376\377\000A\000n\000i\000m\000a\000t\000i\000o\000n\000e\000n\000\040\000u\000n\000d\000\040\000C\000o\000m\000p\000u\000t\000e\000r\000g\000r\000a\000f\000i\000k}{}% 28
\BOOKMARK [2][-]{subsection.7.1}{\376\377\000B\000o\000o\000t\000-\000A\000n\000i\000m\000a\000t\000i\000o\000n}{section.7}% 29
\BOOKMARK [2][-]{subsection.7.2}{\376\377\000H\000a\000r\000d\000w\000a\000r\000e\000-\000V\000i\000s\000u\000a\000l\000i\000s\000i\000e\000r\000u\000n\000g}{section.7}% 30
\BOOKMARK [2][-]{subsection.7.3}{\376\377\000D\000i\000a\000g\000r\000a\000m\000m\000e}{section.7}% 31
\BOOKMARK [1][-]{section.8}{\376\377\000S\000e\000n\000s\000o\000r\000i\000n\000t\000e\000g\000r\000a\000t\000i\000o\000n}{}% 32
\BOOKMARK [1][-]{section.9}{\376\377\000E\000r\000w\000e\000i\000t\000e\000r\000u\000n\000g\000s\000m\000\366\000g\000l\000i\000c\000h\000k\000e\000i\000t\000e\000n}{}% 33
\BOOKMARK [1][-]{section.10}{\376\377\000P\000r\000o\000j\000e\000k\000t\000z\000i\000e\000l}{}% 34
\BOOKMARK [1][-]{section.11}{\376\377\000F\000a\000z\000i\000t}{}% 35
